This is pdfTeX, Version 3.141592653-2.6-1.40.24 (TeX Live 2022/Debian) (preloaded format=pdflatex 2024.5.12)  29 APR 2025 13:29
entering extended mode
 restricted \write18 enabled.
 %&-line parsing enabled.
**FinalReport.tex
(./FinalReport.tex
LaTeX2e <2022-11-01> patch level 1
L3 programming layer <2023-01-16>
(/usr/share/texlive/texmf-dist/tex/latex/base/article.cls
Document Class: article 2022/07/02 v1.4n Standard LaTeX document class
(/usr/share/texlive/texmf-dist/tex/latex/base/size10.clo
File: size10.clo 2022/07/02 v1.4n Standard LaTeX file (size option)
)
\c@part=\count185
\c@section=\count186
\c@subsection=\count187
\c@subsubsection=\count188
\c@paragraph=\count189
\c@subparagraph=\count190
\c@figure=\count191
\c@table=\count192
\abovecaptionskip=\skip48
\belowcaptionskip=\skip49
\bibindent=\dimen140
)
(/usr/share/texlive/texmf-dist/tex/latex/graphics/graphicx.sty
Package: graphicx 2021/09/16 v1.2d Enhanced LaTeX Graphics (DPC,SPQR)

(/usr/share/texlive/texmf-dist/tex/latex/graphics/keyval.sty
Package: keyval 2022/05/29 v1.15 key=value parser (DPC)
\KV@toks@=\toks16
)
(/usr/share/texlive/texmf-dist/tex/latex/graphics/graphics.sty
Package: graphics 2022/03/10 v1.4e Standard LaTeX Graphics (DPC,SPQR)

(/usr/share/texlive/texmf-dist/tex/latex/graphics/trig.sty
Package: trig 2021/08/11 v1.11 sin cos tan (DPC)
)
(/usr/share/texlive/texmf-dist/tex/latex/graphics-cfg/graphics.cfg
File: graphics.cfg 2016/06/04 v1.11 sample graphics configuration
)
Package graphics Info: Driver file: pdftex.def on input line 107.

(/usr/share/texlive/texmf-dist/tex/latex/graphics-def/pdftex.def
File: pdftex.def 2022/09/22 v1.2b Graphics/color driver for pdftex
))
\Gin@req@height=\dimen141
\Gin@req@width=\dimen142
)
(/usr/share/texlive/texmf-dist/tex/latex/xcolor/xcolor.sty
Package: xcolor 2022/06/12 v2.14 LaTeX color extensions (UK)

(/usr/share/texlive/texmf-dist/tex/latex/graphics-cfg/color.cfg
File: color.cfg 2016/01/02 v1.6 sample color configuration
)
Package xcolor Info: Driver file: pdftex.def on input line 227.

(/usr/share/texlive/texmf-dist/tex/latex/graphics/mathcolor.ltx)
Package xcolor Info: Model `cmy' substituted by `cmy0' on input line 1353.
Package xcolor Info: Model `hsb' substituted by `rgb' on input line 1357.
Package xcolor Info: Model `RGB' extended on input line 1369.
Package xcolor Info: Model `HTML' substituted by `rgb' on input line 1371.
Package xcolor Info: Model `Hsb' substituted by `hsb' on input line 1372.
Package xcolor Info: Model `tHsb' substituted by `hsb' on input line 1373.
Package xcolor Info: Model `HSB' substituted by `hsb' on input line 1374.
Package xcolor Info: Model `Gray' substituted by `gray' on input line 1375.
Package xcolor Info: Model `wave' substituted by `hsb' on input line 1376.
)
(/usr/share/texlive/texmf-dist/tex/latex/geometry/geometry.sty
Package: geometry 2020/01/02 v5.9 Page Geometry

(/usr/share/texlive/texmf-dist/tex/generic/iftex/ifvtex.sty
Package: ifvtex 2019/10/25 v1.7 ifvtex legacy package. Use iftex instead.

(/usr/share/texlive/texmf-dist/tex/generic/iftex/iftex.sty
Package: iftex 2022/02/03 v1.0f TeX engine tests
))
\Gm@cnth=\count193
\Gm@cntv=\count194
\c@Gm@tempcnt=\count195
\Gm@bindingoffset=\dimen143
\Gm@wd@mp=\dimen144
\Gm@odd@mp=\dimen145
\Gm@even@mp=\dimen146
\Gm@layoutwidth=\dimen147
\Gm@layoutheight=\dimen148
\Gm@layouthoffset=\dimen149
\Gm@layoutvoffset=\dimen150
\Gm@dimlist=\toks17
)
(/usr/share/texlive/texmf-dist/tex/latex/pgfgantt/pgfgantt.sty
Package: pgfgantt 2018/01/10 v5.0 Draw Gantt diagrams with TikZ

(/usr/share/texlive/texmf-dist/tex/latex/pgf/frontendlayer/tikz.sty
(/usr/share/texlive/texmf-dist/tex/latex/pgf/basiclayer/pgf.sty
(/usr/share/texlive/texmf-dist/tex/latex/pgf/utilities/pgfrcs.sty
(/usr/share/texlive/texmf-dist/tex/generic/pgf/utilities/pgfutil-common.tex
\pgfutil@everybye=\toks18
\pgfutil@tempdima=\dimen151
\pgfutil@tempdimb=\dimen152
)
(/usr/share/texlive/texmf-dist/tex/generic/pgf/utilities/pgfutil-latex.def
\pgfutil@abb=\box51
)
(/usr/share/texlive/texmf-dist/tex/generic/pgf/utilities/pgfrcs.code.tex
(/usr/share/texlive/texmf-dist/tex/generic/pgf/pgf.revision.tex)
Package: pgfrcs 2023-01-15 v3.1.10 (3.1.10)
))
Package: pgf 2023-01-15 v3.1.10 (3.1.10)

(/usr/share/texlive/texmf-dist/tex/latex/pgf/basiclayer/pgfcore.sty
(/usr/share/texlive/texmf-dist/tex/latex/pgf/systemlayer/pgfsys.sty
(/usr/share/texlive/texmf-dist/tex/generic/pgf/systemlayer/pgfsys.code.tex
Package: pgfsys 2023-01-15 v3.1.10 (3.1.10)

(/usr/share/texlive/texmf-dist/tex/generic/pgf/utilities/pgfkeys.code.tex
\pgfkeys@pathtoks=\toks19
\pgfkeys@temptoks=\toks20

(/usr/share/texlive/texmf-dist/tex/generic/pgf/utilities/pgfkeyslibraryfiltered
.code.tex
\pgfkeys@tmptoks=\toks21
))
\pgf@x=\dimen153
\pgf@y=\dimen154
\pgf@xa=\dimen155
\pgf@ya=\dimen156
\pgf@xb=\dimen157
\pgf@yb=\dimen158
\pgf@xc=\dimen159
\pgf@yc=\dimen160
\pgf@xd=\dimen161
\pgf@yd=\dimen162
\w@pgf@writea=\write3
\r@pgf@reada=\read2
\c@pgf@counta=\count196
\c@pgf@countb=\count197
\c@pgf@countc=\count198
\c@pgf@countd=\count199
\t@pgf@toka=\toks22
\t@pgf@tokb=\toks23
\t@pgf@tokc=\toks24
\pgf@sys@id@count=\count266
 (/usr/share/texlive/texmf-dist/tex/generic/pgf/systemlayer/pgf.cfg
File: pgf.cfg 2023-01-15 v3.1.10 (3.1.10)
)
Driver file for pgf: pgfsys-pdftex.def
(/usr/share/texlive/texmf-dist/tex/generic/pgf/systemlayer/pgfsys-pdftex.def
File: pgfsys-pdftex.def 2023-01-15 v3.1.10 (3.1.10)

(/usr/share/texlive/texmf-dist/tex/generic/pgf/systemlayer/pgfsys-common-pdf.de
f
File: pgfsys-common-pdf.def 2023-01-15 v3.1.10 (3.1.10)
)))
(/usr/share/texlive/texmf-dist/tex/generic/pgf/systemlayer/pgfsyssoftpath.code.
tex
File: pgfsyssoftpath.code.tex 2023-01-15 v3.1.10 (3.1.10)
\pgfsyssoftpath@smallbuffer@items=\count267
\pgfsyssoftpath@bigbuffer@items=\count268
)
(/usr/share/texlive/texmf-dist/tex/generic/pgf/systemlayer/pgfsysprotocol.code.
tex
File: pgfsysprotocol.code.tex 2023-01-15 v3.1.10 (3.1.10)
))
(/usr/share/texlive/texmf-dist/tex/generic/pgf/basiclayer/pgfcore.code.tex
Package: pgfcore 2023-01-15 v3.1.10 (3.1.10)

(/usr/share/texlive/texmf-dist/tex/generic/pgf/math/pgfmath.code.tex
(/usr/share/texlive/texmf-dist/tex/generic/pgf/math/pgfmathutil.code.tex)
(/usr/share/texlive/texmf-dist/tex/generic/pgf/math/pgfmathparser.code.tex
\pgfmath@dimen=\dimen163
\pgfmath@count=\count269
\pgfmath@box=\box52
\pgfmath@toks=\toks25
\pgfmath@stack@operand=\toks26
\pgfmath@stack@operation=\toks27
)
(/usr/share/texlive/texmf-dist/tex/generic/pgf/math/pgfmathfunctions.code.tex)
(/usr/share/texlive/texmf-dist/tex/generic/pgf/math/pgfmathfunctions.basic.code
.tex)
(/usr/share/texlive/texmf-dist/tex/generic/pgf/math/pgfmathfunctions.trigonomet
ric.code.tex)
(/usr/share/texlive/texmf-dist/tex/generic/pgf/math/pgfmathfunctions.random.cod
e.tex)
(/usr/share/texlive/texmf-dist/tex/generic/pgf/math/pgfmathfunctions.comparison
.code.tex)
(/usr/share/texlive/texmf-dist/tex/generic/pgf/math/pgfmathfunctions.base.code.
tex)
(/usr/share/texlive/texmf-dist/tex/generic/pgf/math/pgfmathfunctions.round.code
.tex)
(/usr/share/texlive/texmf-dist/tex/generic/pgf/math/pgfmathfunctions.misc.code.
tex)
(/usr/share/texlive/texmf-dist/tex/generic/pgf/math/pgfmathfunctions.integerari
thmetics.code.tex)
(/usr/share/texlive/texmf-dist/tex/generic/pgf/math/pgfmathcalc.code.tex)
(/usr/share/texlive/texmf-dist/tex/generic/pgf/math/pgfmathfloat.code.tex
\c@pgfmathroundto@lastzeros=\count270
))
(/usr/share/texlive/texmf-dist/tex/generic/pgf/math/pgfint.code.tex)
(/usr/share/texlive/texmf-dist/tex/generic/pgf/basiclayer/pgfcorepoints.code.te
x
File: pgfcorepoints.code.tex 2023-01-15 v3.1.10 (3.1.10)
\pgf@picminx=\dimen164
\pgf@picmaxx=\dimen165
\pgf@picminy=\dimen166
\pgf@picmaxy=\dimen167
\pgf@pathminx=\dimen168
\pgf@pathmaxx=\dimen169
\pgf@pathminy=\dimen170
\pgf@pathmaxy=\dimen171
\pgf@xx=\dimen172
\pgf@xy=\dimen173
\pgf@yx=\dimen174
\pgf@yy=\dimen175
\pgf@zx=\dimen176
\pgf@zy=\dimen177
)
(/usr/share/texlive/texmf-dist/tex/generic/pgf/basiclayer/pgfcorepathconstruct.
code.tex
File: pgfcorepathconstruct.code.tex 2023-01-15 v3.1.10 (3.1.10)
\pgf@path@lastx=\dimen178
\pgf@path@lasty=\dimen179
)
(/usr/share/texlive/texmf-dist/tex/generic/pgf/basiclayer/pgfcorepathusage.code
.tex
File: pgfcorepathusage.code.tex 2023-01-15 v3.1.10 (3.1.10)
\pgf@shorten@end@additional=\dimen180
\pgf@shorten@start@additional=\dimen181
)
(/usr/share/texlive/texmf-dist/tex/generic/pgf/basiclayer/pgfcorescopes.code.te
x
File: pgfcorescopes.code.tex 2023-01-15 v3.1.10 (3.1.10)
\pgfpic=\box53
\pgf@hbox=\box54
\pgf@layerbox@main=\box55
\pgf@picture@serial@count=\count271
)
(/usr/share/texlive/texmf-dist/tex/generic/pgf/basiclayer/pgfcoregraphicstate.c
ode.tex
File: pgfcoregraphicstate.code.tex 2023-01-15 v3.1.10 (3.1.10)
\pgflinewidth=\dimen182
)
(/usr/share/texlive/texmf-dist/tex/generic/pgf/basiclayer/pgfcoretransformation
s.code.tex
File: pgfcoretransformations.code.tex 2023-01-15 v3.1.10 (3.1.10)
\pgf@pt@x=\dimen183
\pgf@pt@y=\dimen184
\pgf@pt@temp=\dimen185
)
(/usr/share/texlive/texmf-dist/tex/generic/pgf/basiclayer/pgfcorequick.code.tex
File: pgfcorequick.code.tex 2023-01-15 v3.1.10 (3.1.10)
)
(/usr/share/texlive/texmf-dist/tex/generic/pgf/basiclayer/pgfcoreobjects.code.t
ex
File: pgfcoreobjects.code.tex 2023-01-15 v3.1.10 (3.1.10)
)
(/usr/share/texlive/texmf-dist/tex/generic/pgf/basiclayer/pgfcorepathprocessing
.code.tex
File: pgfcorepathprocessing.code.tex 2023-01-15 v3.1.10 (3.1.10)
)
(/usr/share/texlive/texmf-dist/tex/generic/pgf/basiclayer/pgfcorearrows.code.te
x
File: pgfcorearrows.code.tex 2023-01-15 v3.1.10 (3.1.10)
\pgfarrowsep=\dimen186
)
(/usr/share/texlive/texmf-dist/tex/generic/pgf/basiclayer/pgfcoreshade.code.tex
File: pgfcoreshade.code.tex 2023-01-15 v3.1.10 (3.1.10)
\pgf@max=\dimen187
\pgf@sys@shading@range@num=\count272
\pgf@shadingcount=\count273
)
(/usr/share/texlive/texmf-dist/tex/generic/pgf/basiclayer/pgfcoreimage.code.tex
File: pgfcoreimage.code.tex 2023-01-15 v3.1.10 (3.1.10)
)
(/usr/share/texlive/texmf-dist/tex/generic/pgf/basiclayer/pgfcoreexternal.code.
tex
File: pgfcoreexternal.code.tex 2023-01-15 v3.1.10 (3.1.10)
\pgfexternal@startupbox=\box56
)
(/usr/share/texlive/texmf-dist/tex/generic/pgf/basiclayer/pgfcorelayers.code.te
x
File: pgfcorelayers.code.tex 2023-01-15 v3.1.10 (3.1.10)
)
(/usr/share/texlive/texmf-dist/tex/generic/pgf/basiclayer/pgfcoretransparency.c
ode.tex
File: pgfcoretransparency.code.tex 2023-01-15 v3.1.10 (3.1.10)
)
(/usr/share/texlive/texmf-dist/tex/generic/pgf/basiclayer/pgfcorepatterns.code.
tex
File: pgfcorepatterns.code.tex 2023-01-15 v3.1.10 (3.1.10)
)
(/usr/share/texlive/texmf-dist/tex/generic/pgf/basiclayer/pgfcorerdf.code.tex
File: pgfcorerdf.code.tex 2023-01-15 v3.1.10 (3.1.10)
)))
(/usr/share/texlive/texmf-dist/tex/generic/pgf/modules/pgfmoduleshapes.code.tex
File: pgfmoduleshapes.code.tex 2023-01-15 v3.1.10 (3.1.10)
\pgfnodeparttextbox=\box57
) (/usr/share/texlive/texmf-dist/tex/generic/pgf/modules/pgfmoduleplot.code.tex
File: pgfmoduleplot.code.tex 2023-01-15 v3.1.10 (3.1.10)
)
(/usr/share/texlive/texmf-dist/tex/latex/pgf/compatibility/pgfcomp-version-0-65
.sty
Package: pgfcomp-version-0-65 2023-01-15 v3.1.10 (3.1.10)
\pgf@nodesepstart=\dimen188
\pgf@nodesepend=\dimen189
)
(/usr/share/texlive/texmf-dist/tex/latex/pgf/compatibility/pgfcomp-version-1-18
.sty
Package: pgfcomp-version-1-18 2023-01-15 v3.1.10 (3.1.10)
)) (/usr/share/texlive/texmf-dist/tex/latex/pgf/utilities/pgffor.sty
(/usr/share/texlive/texmf-dist/tex/latex/pgf/utilities/pgfkeys.sty
(/usr/share/texlive/texmf-dist/tex/generic/pgf/utilities/pgfkeys.code.tex))
(/usr/share/texlive/texmf-dist/tex/latex/pgf/math/pgfmath.sty
(/usr/share/texlive/texmf-dist/tex/generic/pgf/math/pgfmath.code.tex))
(/usr/share/texlive/texmf-dist/tex/generic/pgf/utilities/pgffor.code.tex
Package: pgffor 2023-01-15 v3.1.10 (3.1.10)
\pgffor@iter=\dimen190
\pgffor@skip=\dimen191
\pgffor@stack=\toks28
\pgffor@toks=\toks29
))
(/usr/share/texlive/texmf-dist/tex/generic/pgf/frontendlayer/tikz/tikz.code.tex
Package: tikz 2023-01-15 v3.1.10 (3.1.10)

(/usr/share/texlive/texmf-dist/tex/generic/pgf/libraries/pgflibraryplothandlers
.code.tex
File: pgflibraryplothandlers.code.tex 2023-01-15 v3.1.10 (3.1.10)
\pgf@plot@mark@count=\count274
\pgfplotmarksize=\dimen192
)
\tikz@lastx=\dimen193
\tikz@lasty=\dimen194
\tikz@lastxsaved=\dimen195
\tikz@lastysaved=\dimen196
\tikz@lastmovetox=\dimen197
\tikz@lastmovetoy=\dimen198
\tikzleveldistance=\dimen199
\tikzsiblingdistance=\dimen256
\tikz@figbox=\box58
\tikz@figbox@bg=\box59
\tikz@tempbox=\box60
\tikz@tempbox@bg=\box61
\tikztreelevel=\count275
\tikznumberofchildren=\count276
\tikznumberofcurrentchild=\count277
\tikz@fig@count=\count278

(/usr/share/texlive/texmf-dist/tex/generic/pgf/modules/pgfmodulematrix.code.tex
File: pgfmodulematrix.code.tex 2023-01-15 v3.1.10 (3.1.10)
\pgfmatrixcurrentrow=\count279
\pgfmatrixcurrentcolumn=\count280
\pgf@matrix@numberofcolumns=\count281
)
\tikz@expandcount=\count282

(/usr/share/texlive/texmf-dist/tex/generic/pgf/frontendlayer/tikz/libraries/tik
zlibrarytopaths.code.tex
File: tikzlibrarytopaths.code.tex 2023-01-15 v3.1.10 (3.1.10)
)))
(/usr/share/texlive/texmf-dist/tex/generic/pgf/frontendlayer/tikz/libraries/tik
zlibraryarrows.code.tex
File: tikzlibraryarrows.code.tex 2023-01-15 v3.1.10 (3.1.10)

(/usr/share/texlive/texmf-dist/tex/generic/pgf/libraries/pgflibraryarrows.code.
tex
File: pgflibraryarrows.code.tex 2023-01-15 v3.1.10 (3.1.10)
\arrowsize=\dimen257
))
(/usr/share/texlive/texmf-dist/tex/generic/pgf/frontendlayer/tikz/libraries/tik
zlibrarybackgrounds.code.tex
File: tikzlibrarybackgrounds.code.tex 2023-01-15 v3.1.10 (3.1.10)
\pgf@layerbox@background=\box62
\pgf@layerboxsaved@background=\box63
)
(/usr/share/texlive/texmf-dist/tex/generic/pgf/frontendlayer/tikz/libraries/tik
zlibrarycalc.code.tex
File: tikzlibrarycalc.code.tex 2023-01-15 v3.1.10 (3.1.10)
)
(/usr/share/texlive/texmf-dist/tex/generic/pgf/frontendlayer/tikz/libraries/tik
zlibrarypatterns.code.tex
File: tikzlibrarypatterns.code.tex 2023-01-15 v3.1.10 (3.1.10)

(/usr/share/texlive/texmf-dist/tex/generic/pgf/libraries/pgflibrarypatterns.cod
e.tex
File: pgflibrarypatterns.code.tex 2023-01-15 v3.1.10 (3.1.10)
))
(/usr/share/texlive/texmf-dist/tex/generic/pgf/frontendlayer/tikz/libraries/tik
zlibrarypositioning.code.tex
File: tikzlibrarypositioning.code.tex 2023-01-15 v3.1.10 (3.1.10)
)
(/usr/share/texlive/texmf-dist/tex/generic/pgf/frontendlayer/tikz/libraries/tik
zlibraryshapes.geometric.code.tex
File: tikzlibraryshapes.geometric.code.tex 2023-01-15 v3.1.10 (3.1.10)

(/usr/share/texlive/texmf-dist/tex/generic/pgf/libraries/shapes/pgflibraryshape
s.geometric.code.tex
File: pgflibraryshapes.geometric.code.tex 2023-01-15 v3.1.10 (3.1.10)
))
(/usr/share/texlive/texmf-dist/tex/latex/pgf/utilities/pgfcalendar.sty
(/usr/share/texlive/texmf-dist/tex/generic/pgf/utilities/pgfcalendar.code.tex
File: pgfcalendar.code.tex 2023-01-15 v3.1.10 (3.1.10)
\pgfcalendarcurrentjulian=\count283
\pgf@cal@easter@Y=\count284
\pgf@cal@easter@G=\count285
\pgf@cal@easter@C=\count286
\pgf@cal@easter@X=\count287
\pgf@cal@easter@Z=\count288
\pgf@cal@easter@D=\count289
\pgf@cal@easter@E=\count290
\pgf@cal@easter@N=\count291
\pgf@cal@easter@M=\count292
\pgf@cal@easter@julianday=\count293
))
\gtt@currentline=\count294
\gtt@lasttitleline=\count295
\gtt@currgrid=\count296
\gtt@chartwidth=\count297
\gtt@lasttitleslot=\count298
\gtt@elementid=\count299
\gtt@today@slot=\count300
\gtt@startjulian=\count301
\gtt@endjulian=\count302
\gtt@chartid=\count303
\gtt@vrule@slot=\count304
\gtt@calendar@slots=\count305
\gtt@calendar@weeknumber=\count306
\gtt@calendar@startofweek=\count307
\gtt@left@slot=\count308
\gtt@right@slot=\count309
) (/usr/share/texlive/texmf-dist/tex/latex/booktabs/booktabs.sty
Package: booktabs 2020/01/12 v1.61803398 Publication quality tables
\heavyrulewidth=\dimen258
\lightrulewidth=\dimen259
\cmidrulewidth=\dimen260
\belowrulesep=\dimen261
\belowbottomsep=\dimen262
\aboverulesep=\dimen263
\abovetopsep=\dimen264
\cmidrulesep=\dimen265
\cmidrulekern=\dimen266
\defaultaddspace=\dimen267
\@cmidla=\count310
\@cmidlb=\count311
\@aboverulesep=\dimen268
\@belowrulesep=\dimen269
\@thisruleclass=\count312
\@lastruleclass=\count313
\@thisrulewidth=\dimen270
)
(/usr/share/texlive/texmf-dist/tex/latex/float/float.sty
Package: float 2001/11/08 v1.3d Float enhancements (AL)
\c@float@type=\count314
\float@exts=\toks30
\float@box=\box64
\@float@everytoks=\toks31
\@floatcapt=\box65
)
(/usr/share/texlive/texmf-dist/tex/latex/psnfss/times.sty
Package: times 2020/03/25 PSNFSS-v9.3 (SPQR) 
)
(/usr/share/texlive/texmf-dist/tex/latex/fancyhdr/fancyhdr.sty
Package: fancyhdr 2022/11/09 v4.1 Extensive control of page headers and footers

\f@nch@headwidth=\skip50
\f@nch@O@elh=\skip51
\f@nch@O@erh=\skip52
\f@nch@O@olh=\skip53
\f@nch@O@orh=\skip54
\f@nch@O@elf=\skip55
\f@nch@O@erf=\skip56
\f@nch@O@olf=\skip57
\f@nch@O@orf=\skip58
)
(/usr/share/texlive/texmf-dist/tex/latex/amsmath/amsmath.sty
Package: amsmath 2022/04/08 v2.17n AMS math features
\@mathmargin=\skip59

For additional information on amsmath, use the `?' option.
(/usr/share/texlive/texmf-dist/tex/latex/amsmath/amstext.sty
Package: amstext 2021/08/26 v2.01 AMS text

(/usr/share/texlive/texmf-dist/tex/latex/amsmath/amsgen.sty
File: amsgen.sty 1999/11/30 v2.0 generic functions
\@emptytoks=\toks32
\ex@=\dimen271
))
(/usr/share/texlive/texmf-dist/tex/latex/amsmath/amsbsy.sty
Package: amsbsy 1999/11/29 v1.2d Bold Symbols
\pmbraise@=\dimen272
)
(/usr/share/texlive/texmf-dist/tex/latex/amsmath/amsopn.sty
Package: amsopn 2022/04/08 v2.04 operator names
)
\inf@bad=\count315
LaTeX Info: Redefining \frac on input line 234.
\uproot@=\count316
\leftroot@=\count317
LaTeX Info: Redefining \overline on input line 399.
LaTeX Info: Redefining \colon on input line 410.
\classnum@=\count318
\DOTSCASE@=\count319
LaTeX Info: Redefining \ldots on input line 496.
LaTeX Info: Redefining \dots on input line 499.
LaTeX Info: Redefining \cdots on input line 620.
\Mathstrutbox@=\box66
\strutbox@=\box67
LaTeX Info: Redefining \big on input line 722.
LaTeX Info: Redefining \Big on input line 723.
LaTeX Info: Redefining \bigg on input line 724.
LaTeX Info: Redefining \Bigg on input line 725.
\big@size=\dimen273
LaTeX Font Info:    Redeclaring font encoding OML on input line 743.
LaTeX Font Info:    Redeclaring font encoding OMS on input line 744.
\macc@depth=\count320
LaTeX Info: Redefining \bmod on input line 905.
LaTeX Info: Redefining \pmod on input line 910.
LaTeX Info: Redefining \smash on input line 940.
LaTeX Info: Redefining \relbar on input line 970.
LaTeX Info: Redefining \Relbar on input line 971.
\c@MaxMatrixCols=\count321
\dotsspace@=\muskip16
\c@parentequation=\count322
\dspbrk@lvl=\count323
\tag@help=\toks33
\row@=\count324
\column@=\count325
\maxfields@=\count326
\andhelp@=\toks34
\eqnshift@=\dimen274
\alignsep@=\dimen275
\tagshift@=\dimen276
\tagwidth@=\dimen277
\totwidth@=\dimen278
\lineht@=\dimen279
\@envbody=\toks35
\multlinegap=\skip60
\multlinetaggap=\skip61
\mathdisplay@stack=\toks36
LaTeX Info: Redefining \[ on input line 2953.
LaTeX Info: Redefining \] on input line 2954.
)
(/usr/share/texlive/texmf-dist/tex/latex/amsfonts/amssymb.sty
Package: amssymb 2013/01/14 v3.01 AMS font symbols

(/usr/share/texlive/texmf-dist/tex/latex/amsfonts/amsfonts.sty
Package: amsfonts 2013/01/14 v3.01 Basic AMSFonts support
\symAMSa=\mathgroup4
\symAMSb=\mathgroup5
LaTeX Font Info:    Redeclaring math symbol \hbar on input line 98.
LaTeX Font Info:    Overwriting math alphabet `\mathfrak' in version `bold'
(Font)                  U/euf/m/n --> U/euf/b/n on input line 106.
))
(/usr/share/texlive/texmf-dist/tex/latex/algorithm2e/algorithm2e.sty
Package: algorithm2e 2017/07/18 v5.2 algorithms environments
\c@AlgoLine=\count327

(/usr/share/texlive/texmf-dist/tex/latex/base/ifthen.sty
Package: ifthen 2022/04/13 v1.1d Standard LaTeX ifthen package (DPC)
)
\algocf@hangindent=\skip62

(/usr/share/texlive/texmf-dist/tex/latex/ifoddpage/ifoddpage.sty
Package: ifoddpage 2022/10/18 v1.2 Conditionals for odd/even page detection
\c@checkoddpage=\count328
)
(/usr/share/texlive/texmf-dist/tex/latex/tools/xspace.sty
Package: xspace 2014/10/28 v1.13 Space after command names (DPC,MH)
)
(/usr/share/texlive/texmf-dist/tex/latex/relsize/relsize.sty
Package: relsize 2013/03/29 ver 4.1
)
\skiptotal=\skip63
\skiplinenumber=\skip64
\skiprule=\skip65
\skiphlne=\skip66
\skiptext=\skip67
\skiplength=\skip68
\algomargin=\skip69
\skipalgocfslide=\skip70
\algowidth=\dimen280
\inoutsize=\dimen281
\inoutindent=\dimen282
\interspacetitleruled=\dimen283
\interspacealgoruled=\dimen284
\interspacetitleboxruled=\dimen285
\algocf@ruledwidth=\skip71
\algocf@inoutbox=\box68
\algocf@inputbox=\box69
\AlCapSkip=\skip72
\AlCapHSkip=\skip73
\algoskipindent=\skip74
\algocf@nlbox=\box70
\algocf@hangingbox=\box71
\algocf@untilbox=\box72
\algocf@skipuntil=\skip75
\algocf@capbox=\box73
\algocf@lcaptionbox=\skip76
\algoheightruledefault=\skip77
\algoheightrule=\skip78
\algotitleheightruledefault=\skip79
\algotitleheightrule=\skip80
\c@algocfline=\count329
\c@algocfproc=\count330
\c@algocf=\count331
\algocf@algoframe=\box74
\algocf@algobox=\box75
)

LaTeX Warning: \include should only be used after \begin{document} on input lin
e 13.

No file pythonlisting.
LaTeX Font Info:    Trying to load font information for OT1+ptm on input line 1
6.
(/usr/share/texlive/texmf-dist/tex/latex/psnfss/ot1ptm.fd
File: ot1ptm.fd 2001/06/04 font definitions for OT1/ptm.
)
(/usr/share/texlive/texmf-dist/tex/latex/l3backend/l3backend-pdftex.def
File: l3backend-pdftex.def 2023-01-16 L3 backend support: PDF output (pdfTeX)
\l__color_backend_stack_int=\count332
\l__pdf_internal_box=\box76
)
(./FinalReport.aux

LaTeX Warning: Label `fig:sr_flow' multiply defined.

)
\openout1 = `FinalReport.aux'.

LaTeX Font Info:    Checking defaults for OML/cmm/m/it on input line 16.
LaTeX Font Info:    ... okay on input line 16.
LaTeX Font Info:    Checking defaults for OMS/cmsy/m/n on input line 16.
LaTeX Font Info:    ... okay on input line 16.
LaTeX Font Info:    Checking defaults for OT1/cmr/m/n on input line 16.
LaTeX Font Info:    ... okay on input line 16.
LaTeX Font Info:    Checking defaults for T1/cmr/m/n on input line 16.
LaTeX Font Info:    ... okay on input line 16.
LaTeX Font Info:    Checking defaults for TS1/cmr/m/n on input line 16.
LaTeX Font Info:    ... okay on input line 16.
LaTeX Font Info:    Checking defaults for OMX/cmex/m/n on input line 16.
LaTeX Font Info:    ... okay on input line 16.
LaTeX Font Info:    Checking defaults for U/cmr/m/n on input line 16.
LaTeX Font Info:    ... okay on input line 16.
 (/usr/share/texlive/texmf-dist/tex/context/base/mkii/supp-pdf.mkii
[Loading MPS to PDF converter (version 2006.09.02).]
\scratchcounter=\count333
\scratchdimen=\dimen286
\scratchbox=\box77
\nofMPsegments=\count334
\nofMParguments=\count335
\everyMPshowfont=\toks37
\MPscratchCnt=\count336
\MPscratchDim=\dimen287
\MPnumerator=\count337
\makeMPintoPDFobject=\count338
\everyMPtoPDFconversion=\toks38
) (/usr/share/texlive/texmf-dist/tex/latex/epstopdf-pkg/epstopdf-base.sty
Package: epstopdf-base 2020-01-24 v2.11 Base part for package epstopdf
Package epstopdf-base Info: Redefining graphics rule for `.eps' on input line 4
85.

(/usr/share/texlive/texmf-dist/tex/latex/latexconfig/epstopdf-sys.cfg
File: epstopdf-sys.cfg 2010/07/13 v1.3 Configuration of (r)epstopdf for TeX Liv
e
))
*geometry* driver: auto-detecting
*geometry* detected driver: pdftex
*geometry* verbose mode - [ preamble ] result:
* driver: pdftex
* paper: <default>
* layout: <same size as paper>
* layoutoffset:(h,v)=(0.0pt,0.0pt)
* modes: 
* h-part:(L,W,R)=(85.35826pt, 443.57848pt, 85.35826pt)
* v-part:(T,H,B)=(85.35826pt, 624.25346pt, 85.35826pt)
* \paperwidth=614.295pt
* \paperheight=794.96999pt
* \textwidth=443.57848pt
* \textheight=624.25346pt
* \oddsidemargin=13.08827pt
* \evensidemargin=13.08827pt
* \topmargin=-23.91173pt
* \headheight=12.0pt
* \headsep=25.0pt
* \topskip=10.0pt
* \footskip=30.0pt
* \marginparwidth=65.0pt
* \marginparsep=11.0pt
* \columnsep=10.0pt
* \skip\footins=9.0pt plus 4.0pt minus 2.0pt
* \hoffset=0.0pt
* \voffset=0.0pt
* \mag=1000
* \@twocolumnfalse
* \@twosidefalse
* \@mparswitchfalse
* \@reversemarginfalse
* (1in=72.27pt=25.4mm, 1cm=28.453pt)

[1

{/var/lib/texmf/fonts/map/pdftex/updmap/pdftex.map}]
Underfull \hbox (badness 10000) in paragraph at lines 45--46

 []


Underfull \hbox (badness 10000) in paragraph at lines 47--48

 []


Underfull \hbox (badness 10000) in paragraph at lines 49--50

 []

[2]
LaTeX Font Info:    Trying to load font information for U+msa on input line 54.

 (/usr/share/texlive/texmf-dist/tex/latex/amsfonts/umsa.fd
File: umsa.fd 2013/01/14 v3.01 AMS symbols A
)
LaTeX Font Info:    Trying to load font information for U+msb on input line 54.


(/usr/share/texlive/texmf-dist/tex/latex/amsfonts/umsb.fd
File: umsb.fd 2013/01/14 v3.01 AMS symbols B
)
Underfull \hbox (badness 10000) in paragraph at lines 54--56

 []


Underfull \hbox (badness 10000) in paragraph at lines 57--59

 []


Underfull \hbox (badness 10000) in paragraph at lines 60--63

 []


Underfull \hbox (badness 10000) in paragraph at lines 64--67

 []


Underfull \hbox (badness 10000) in paragraph at lines 70--72

 []


Underfull \hbox (badness 10000) in paragraph at lines 73--77

 []


Underfull \hbox (badness 10000) in paragraph at lines 80--82

 []


Underfull \hbox (badness 10000) in paragraph at lines 83--86

 []


Underfull \hbox (badness 10000) in paragraph at lines 90--92

 []


Underfull \hbox (badness 10000) in paragraph at lines 93--99

 []


Underfull \hbox (badness 10000) in paragraph at lines 102--104

 []


Underfull \hbox (badness 10000) in paragraph at lines 105--110

 []


Underfull \hbox (badness 10000) in paragraph at lines 113--115

 []


Underfull \hbox (badness 10000) in paragraph at lines 116--119

 []

[3]
Underfull \hbox (badness 10000) in paragraph at lines 122--124

 []


Underfull \hbox (badness 10000) in paragraph at lines 125--129

 []


Underfull \hbox (badness 10000) in paragraph at lines 132--134

 []


Underfull \hbox (badness 10000) in paragraph at lines 136--137

 []

[4]
Underfull \hbox (badness 10000) in paragraph at lines 141--142

 []


Underfull \hbox (badness 10000) in paragraph at lines 144--145

 []

[5] (./FinalReport.toc [6])
\tf@toc=\write4
\openout4 = `FinalReport.toc'.

 [7]
Underfull \hbox (badness 10000) in paragraph at lines 161--166

 []


Underfull \hbox (badness 10000) in paragraph at lines 167--175

 []


Underfull \hbox (badness 10000) in paragraph at lines 177--181

 []


Underfull \hbox (badness 10000) in paragraph at lines 183--188

 []

<Sun_Mars_Orbit.png, id=30, 852.18375pt x 511.9125pt>
File: Sun_Mars_Orbit.png Graphic file (type png)
<use Sun_Mars_Orbit.png>
Package pdftex.def Info: Sun_Mars_Orbit.png  used on input line 192.
(pdftex.def)             Requested size: 199.16928pt x 119.64331pt.

Underfull \hbox (badness 10000) in paragraph at lines 204--210

 []

[8 <./Sun_Mars_Orbit.png>]

LaTeX Warning: Citation `badiri2020' on page 9 undefined on input line 214.


Underfull \hbox (badness 10000) in paragraph at lines 212--215

 []


Underfull \hbox (badness 10000) in paragraph at lines 216--225

 []


Underfull \hbox (badness 10000) in paragraph at lines 226--227

 []


Underfull \hbox (badness 10000) in paragraph at lines 232--233

 []


Underfull \hbox (badness 10000) in paragraph at lines 234--235

 []


Underfull \hbox (badness 10000) in paragraph at lines 242--250

 []

[9]
<heated_rod.png, id=43, 1374.13374pt x 516.93124pt>
File: heated_rod.png Graphic file (type png)
<use heated_rod.png>
Package pdftex.def Info: heated_rod.png  used on input line 253.
(pdftex.def)             Requested size: 284.52756pt x 107.02853pt.

Underfull \hbox (badness 10000) in paragraph at lines 262--263

 []


Underfull \hbox (badness 10000) in paragraph at lines 269--270

 []


Underfull \hbox (badness 10000) in paragraph at lines 275--276

 []


Underfull \hbox (badness 10000) in paragraph at lines 283--284

 []


Underfull \hbox (badness 10000) in paragraph at lines 285--286

 []


Underfull \hbox (badness 10000) in paragraph at lines 292--296

 []

[10 <./heated_rod.png>]
Underfull \hbox (badness 10000) in paragraph at lines 297--300

 []


Underfull \hbox (badness 10000) in paragraph at lines 301--302

 []


Underfull \hbox (badness 10000) in paragraph at lines 303--304

 []


Underfull \hbox (badness 10000) in paragraph at lines 305--306

 []


Underfull \hbox (badness 10000) in paragraph at lines 307--308

 []


Underfull \hbox (badness 10000) in paragraph at lines 309--310

 []


Underfull \hbox (badness 10000) in paragraph at lines 319--320

 []


Underfull \hbox (badness 10000) in paragraph at lines 321--322

 []


Underfull \hbox (badness 10000) in paragraph at lines 323--324

 []


Underfull \hbox (badness 10000) in paragraph at lines 325--326

 []

[11]
Underfull \hbox (badness 10000) in paragraph at lines 327--328

 []


Underfull \hbox (badness 10000) in paragraph at lines 333--334

 []


Underfull \hbox (badness 10000) in paragraph at lines 338--339

 []


Underfull \hbox (badness 10000) in paragraph at lines 344--345

 []


Underfull \hbox (badness 10000) in paragraph at lines 348--349

 []


Underfull \hbox (badness 10000) in paragraph at lines 350--351

 []


Underfull \hbox (badness 10000) in paragraph at lines 361--362

 []


! LaTeX Error: There's no line here to end.

See the LaTeX manual or LaTeX Companion for explanation.
Type  H <return>  for immediate help.
 ...                                              
                                                  
l.391 \\
        
? 

! LaTeX Error: There's no line here to end.

See the LaTeX manual or LaTeX Companion for explanation.
Type  H <return>  for immediate help.
 ...                                              
                                                  
l.392 
      
? 
[12]
Underfull \hbox (badness 10000) in paragraph at lines 395--396

 []


! LaTeX Error: There's no line here to end.

See the LaTeX manual or LaTeX Companion for explanation.
Type  H <return>  for immediate help.
 ...                                              
                                                  
l.400 
      
? 

Underfull \hbox (badness 10000) in paragraph at lines 413--414

 []


Underfull \hbox (badness 10000) in paragraph at lines 430--431

 []

! Missing $ inserted.
<inserted text> 
                $
l.440 ... displacement is within the range of [\pi
                                                  , -\pi] radians.\\
? 
! Missing $ inserted.
<inserted text> 
                $
l.441 
      
? 

Underfull \hbox (badness 10000) in paragraph at lines 440--441

 []

[13]
<pendulum_simulation.png, id=63, 670.505pt x 396.48125pt>
File: pendulum_simulation.png Graphic file (type png)
<use pendulum_simulation.png>
Package pdftex.def Info: pendulum_simulation.png  used on input line 444.
(pdftex.def)             Requested size: 227.62204pt x 134.59615pt.

Underfull \hbox (badness 10000) in paragraph at lines 453--454

 []


Underfull \hbox (badness 10000) in paragraph at lines 458--459

 []


Underfull \hbox (badness 10000) in paragraph at lines 460--461

 []

<noise_conservation_random.pdf, id=65, 602.25pt x 376.52669pt>
File: noise_conservation_random.pdf Graphic file (type pdf)
<use noise_conservation_random.pdf>
Package pdftex.def Info: noise_conservation_random.pdf  used on input line 466.

(pdftex.def)             Requested size: 199.16928pt x 124.51846pt.
<noise_Newtons_First_Law_random.pdf, id=66, 602.25pt x 376.52669pt>
File: noise_Newtons_First_Law_random.pdf Graphic file (type pdf)
<use noise_Newtons_First_Law_random.pdf>
Package pdftex.def Info: noise_Newtons_First_Law_random.pdf  used on input line
 467.
(pdftex.def)             Requested size: 199.16928pt x 124.51846pt.
<noise_Newtons_Third_Law_random.pdf, id=67, 602.25pt x 376.52669pt>
File: noise_Newtons_Third_Law_random.pdf Graphic file (type pdf)
<use noise_Newtons_Third_Law_random.pdf>
Package pdftex.def Info: noise_Newtons_Third_Law_random.pdf  used on input line
 468.
(pdftex.def)             Requested size: 199.16928pt x 124.51846pt.
<noise_Simple_Harmonic_Motion.pdf, id=68, 602.25pt x 376.52669pt>
File: noise_Simple_Harmonic_Motion.pdf Graphic file (type pdf)
<use noise_Simple_Harmonic_Motion.pdf>
Package pdftex.def Info: noise_Simple_Harmonic_Motion.pdf  used on input line 4
69.
(pdftex.def)             Requested size: 199.16928pt x 124.51846pt.
[14 <./pendulum_simulation.png>]
Underfull \hbox (badness 10000) in paragraph at lines 474--475

 []

<noise_conservation_random_i.pdf, id=73, 602.25pt x 376.52669pt>
File: noise_conservation_random_i.pdf Graphic file (type pdf)
<use noise_conservation_random_i.pdf>
Package pdftex.def Info: noise_conservation_random_i.pdf  used on input line 48
0.
(pdftex.def)             Requested size: 199.16928pt x 124.51846pt.
<noise_Newtons_First_Law_random_i.pdf, id=74, 602.25pt x 376.52669pt>
File: noise_Newtons_First_Law_random_i.pdf Graphic file (type pdf)
<use noise_Newtons_First_Law_random_i.pdf>
Package pdftex.def Info: noise_Newtons_First_Law_random_i.pdf  used on input li
ne 481.
(pdftex.def)             Requested size: 199.16928pt x 124.51846pt.
<noise_Newtons_Third_Law_random_i.pdf, id=75, 602.25pt x 376.52669pt>
File: noise_Newtons_Third_Law_random_i.pdf Graphic file (type pdf)
<use noise_Newtons_Third_Law_random_i.pdf>
Package pdftex.def Info: noise_Newtons_Third_Law_random_i.pdf  used on input li
ne 482.
(pdftex.def)             Requested size: 199.16928pt x 124.51846pt.
<noise_Simple_Harmonic_Motion_random_i.pdf, id=76, 602.25pt x 376.52669pt>
File: noise_Simple_Harmonic_Motion_random_i.pdf Graphic file (type pdf)
<use noise_Simple_Harmonic_Motion_random_i.pdf>
Package pdftex.def Info: noise_Simple_Harmonic_Motion_random_i.pdf  used on inp
ut line 483.
(pdftex.def)             Requested size: 199.16928pt x 124.51846pt.

Underfull \hbox (badness 10000) in paragraph at lines 487--488

 []

[15 <./noise_conservation_random.pdf> <./noise_Newtons_First_Law_random.pdf> <.
/noise_Newtons_Third_Law_random.pdf> <./noise_Simple_Harmonic_Motion.pdf> <./no
ise_conservation_random_i.pdf> <./noise_Newtons_First_Law_random_i.pdf> <./nois
e_Newtons_Third_Law_random_i.pdf> <./noise_Simple_Harmonic_Motion_random_i.pdf>
]
Underfull \hbox (badness 10000) in paragraph at lines 492--493

 []

<noise_conservation_d_r.pdf, id=196, 602.25pt x 376.52669pt>
File: noise_conservation_d_r.pdf Graphic file (type pdf)
<use noise_conservation_d_r.pdf>
Package pdftex.def Info: noise_conservation_d_r.pdf  used on input line 497.
(pdftex.def)             Requested size: 199.16928pt x 124.51846pt.
<noise_Newtons_First_Law_d_r.pdf, id=197, 602.25pt x 376.52669pt>
File: noise_Newtons_First_Law_d_r.pdf Graphic file (type pdf)
<use noise_Newtons_First_Law_d_r.pdf>
Package pdftex.def Info: noise_Newtons_First_Law_d_r.pdf  used on input line 49
8.
(pdftex.def)             Requested size: 199.16928pt x 124.51846pt.
<noise_Newtons_Second_Law_d_r.pdf, id=198, 602.25pt x 376.52669pt>
File: noise_Newtons_Second_Law_d_r.pdf Graphic file (type pdf)
<use noise_Newtons_Second_Law_d_r.pdf>
Package pdftex.def Info: noise_Newtons_Second_Law_d_r.pdf  used on input line 4
99.
(pdftex.def)             Requested size: 199.16928pt x 124.51846pt.
<noise_Newtons_Third_Law_d_r.pdf, id=199, 602.25pt x 376.52669pt>
File: noise_Newtons_Third_Law_d_r.pdf Graphic file (type pdf)
<use noise_Newtons_Third_Law_d_r.pdf>
Package pdftex.def Info: noise_Newtons_Third_Law_d_r.pdf  used on input line 50
0.
(pdftex.def)             Requested size: 199.16928pt x 124.51846pt.
<noise_Rutherford_d_r.pdf, id=200, 602.25pt x 376.52669pt>
File: noise_Rutherford_d_r.pdf Graphic file (type pdf)
<use noise_Rutherford_d_r.pdf>
Package pdftex.def Info: noise_Rutherford_d_r.pdf  used on input line 501.
(pdftex.def)             Requested size: 199.16928pt x 124.51846pt.
<noise_Simple_Harmonic_Motion_d_r.pdf, id=201, 602.25pt x 376.52669pt>
File: noise_Simple_Harmonic_Motion_d_r.pdf Graphic file (type pdf)
<use noise_Simple_Harmonic_Motion_d_r.pdf>
Package pdftex.def Info: noise_Simple_Harmonic_Motion_d_r.pdf  used on input li
ne 502.
(pdftex.def)             Requested size: 199.16928pt x 124.51846pt.

Underfull \hbox (badness 10000) in paragraph at lines 507--508

 []


Underfull \hbox (badness 10000) in paragraph at lines 510--511

 []

<noise_conservation_d_i.pdf, id=202, 602.25pt x 376.52669pt>
File: noise_conservation_d_i.pdf Graphic file (type pdf)
<use noise_conservation_d_i.pdf>
Package pdftex.def Info: noise_conservation_d_i.pdf  used on input line 514.
(pdftex.def)             Requested size: 199.16928pt x 124.51846pt.
<noise_Newtons_First_Law_d_i.pdf, id=203, 602.25pt x 376.52669pt>
File: noise_Newtons_First_Law_d_i.pdf Graphic file (type pdf)
<use noise_Newtons_First_Law_d_i.pdf>
Package pdftex.def Info: noise_Newtons_First_Law_d_i.pdf  used on input line 51
5.
(pdftex.def)             Requested size: 199.16928pt x 124.51846pt.
<noise_Newtons_Second_Law_d_i.pdf, id=204, 602.25pt x 376.52669pt>
File: noise_Newtons_Second_Law_d_i.pdf Graphic file (type pdf)
<use noise_Newtons_Second_Law_d_i.pdf>
Package pdftex.def Info: noise_Newtons_Second_Law_d_i.pdf  used on input line 5
16.
(pdftex.def)             Requested size: 199.16928pt x 124.51846pt.
<noise_Newtons_Third_Law_d_i.pdf, id=205, 602.25pt x 376.52669pt>
File: noise_Newtons_Third_Law_d_i.pdf Graphic file (type pdf)
<use noise_Newtons_Third_Law_d_i.pdf>
Package pdftex.def Info: noise_Newtons_Third_Law_d_i.pdf  used on input line 51
7.
(pdftex.def)             Requested size: 199.16928pt x 124.51846pt.
<noise_Rutherford_d_i.pdf, id=206, 602.25pt x 376.52669pt>
File: noise_Rutherford_d_i.pdf Graphic file (type pdf)
<use noise_Rutherford_d_i.pdf>
Package pdftex.def Info: noise_Rutherford_d_i.pdf  used on input line 518.
(pdftex.def)             Requested size: 199.16928pt x 124.51846pt.
<noise_Simple_Harmonic_Motion_d_i.pdf, id=207, 602.25pt x 376.52669pt>
File: noise_Simple_Harmonic_Motion_d_i.pdf Graphic file (type pdf)
<use noise_Simple_Harmonic_Motion_d_i.pdf>
Package pdftex.def Info: noise_Simple_Harmonic_Motion_d_i.pdf  used on input li
ne 519.
(pdftex.def)             Requested size: 199.16928pt x 124.51846pt.
[16 <./noise_conservation_d_r.pdf> <./noise_Newtons_First_Law_d_r.pdf> <./noise
_Newtons_Second_Law_d_r.pdf> <./noise_Newtons_Third_Law_d_r.pdf> <./noise_Ruthe
rford_d_r.pdf> <./noise_Simple_Harmonic_Motion_d_r.pdf>]
Underfull \hbox (badness 10000) in paragraph at lines 524--525

 []


Underfull \hbox (badness 10000) in paragraph at lines 534--535

 []


! LaTeX Error: There's no line here to end.

See the LaTeX manual or LaTeX Companion for explanation.
Type  H <return>  for immediate help.
 ...                                              
                                                  
l.560 
      
? 
[17 <./noise_conservation_d_i.pdf> <./noise_Newtons_First_Law_d_i.pdf> <./noise
_Newtons_Second_Law_d_i.pdf> <./noise_Newtons_Third_Law_d_i.pdf> <./noise_Ruthe
rford_d_i.pdf> <./noise_Simple_Harmonic_Motion_d_i.pdf>]
Underfull \hbox (badness 10000) in paragraph at lines 563--564

 []


! LaTeX Error: There's no line here to end.

See the LaTeX manual or LaTeX Companion for explanation.
Type  H <return>  for immediate help.
 ...                                              
                                                  
l.595 
      
? 

Underfull \hbox (badness 10000) in paragraph at lines 599--600

 []


Underfull \hbox (badness 10000) in paragraph at lines 601--602

 []


Underfull \hbox (badness 10000) in paragraph at lines 606--607

 []

[18]
Underfull \hbox (badness 10000) in paragraph at lines 611--612

 []


! LaTeX Error: There's no line here to end.

See the LaTeX manual or LaTeX Companion for explanation.
Type  H <return>  for immediate help.
 ...                                              
                                                  
l.641 
      
? 

Underfull \hbox (badness 10000) in paragraph at lines 645--646

 []

! Missing $ inserted.
<inserted text> 
                $
l.669 
      
? 

! LaTeX Error: Bad math environment delimiter.

See the LaTeX manual or LaTeX Companion for explanation.
Type  H <return>  for immediate help.
 ...                                              
                                                  
l.669 
      
? 
! Missing $ inserted.
<inserted text> 
                $
l.669 
      
? 

! LaTeX Error: Bad math environment delimiter.

See the LaTeX manual or LaTeX Companion for explanation.
Type  H <return>  for immediate help.
 ...                                              
                                                  
l.669 
      
? 
! Missing $ inserted.
<inserted text> 
                $
l.669 
      
? 
! Extra }, or forgotten $.
<recently read> \egroup 
                        
l.669 
      
? 
! Extra }, or forgotten $.
<recently read> \egroup 
                        
l.669 
      
? 
! Missing $ inserted.
<inserted text> 
                $
l.669 
      
? 
! Missing } inserted.
<inserted text> 
                }
l.674 \end{algorithm}
                     
? 

Underfull \hbox (badness 10000) detected at line 674
[][]
 []

! Missing } inserted.
<inserted text> 
                }
l.674 \end{algorithm}
                     
? 
[19]
Underfull \hbox (badness 10000) in paragraph at lines 680--681

 []


Underfull \hbox (badness 10000) in paragraph at lines 682--683

 []


Underfull \hbox (badness 10000) in paragraph at lines 685--686

 []


Underfull \hbox (badness 10000) in paragraph at lines 687--688

 []


Underfull \hbox (badness 10000) in paragraph at lines 692--693

 []


! LaTeX Error: There's no line here to end.

See the LaTeX manual or LaTeX Companion for explanation.
Type  H <return>  for immediate help.
 ...                                              
                                                  
l.714 
      
? 
[20]
Underfull \hbox (badness 10000) in paragraph at lines 718--719

 []


Underfull \hbox (badness 10000) in paragraph at lines 722--730

 []


Underfull \hbox (badness 10000) in paragraph at lines 731--735

 []


Underfull \hbox (badness 10000) in paragraph at lines 736--740

 []


Underfull \hbox (badness 10000) in paragraph at lines 748--749

 []

! Undefined control sequence.
l.765 \Try
          {
? 
! Undefined control sequence.
l.769 \Catch
            {Evaluation fails (e.g., division by zero)}{
? 

! LaTeX Error: There's no line here to end.

See the LaTeX manual or LaTeX Companion for explanation.
Type  H <return>  for immediate help.
 ...                                              
                                                  
l.776 
      
? 
[21]
Underfull \hbox (badness 10000) in paragraph at lines 781--782

 []

! Missing $ inserted.
<inserted text> 
                $
l.793 Initialize `total_
                        log_error` to 0.0\;
? 
! Missing $ inserted.
<inserted text> 
                $
l.795 
      
? 
! Missing $ inserted.
<inserted text> 
                $
l.804 
      
? 
! Extra }, or forgotten $.
\algocf@Vsline ...}\vtop {\algocf@addskiptotal #1}
                                                  }}\algocf@pop {\skiprule }...
l.804 
      
? 
! Extra }, or forgotten $.
\algocf@Vsline ...\vtop {\algocf@addskiptotal #1}}
                                                  }\algocf@pop {\skiprule }\...
l.804 
      
? 
! Extra }, or forgotten $.
\algocf@Vsline ...vtop {\algocf@addskiptotal #1}}}
                                                  \algocf@pop {\skiprule }\a...
l.804 
      
? 
! Missing $ inserted.
<inserted text> 
                $
l.804 
      
? 
! Missing $ inserted.
<inserted text> 
                $
l.806 Calculate `mean_
                      error` = `total_log_error` / `n`\;
? 
! Missing $ inserted.
<inserted text> 
                $
l.807 
      
? 
! Missing $ inserted.
<inserted text> 
                $
l.808 Return `mean_
                   error`\;
? 
! Missing $ inserted.
<inserted text> 
                $
l.809 
      
? 
! Missing } inserted.
<inserted text> 
                }
l.812 \end{algorithm}
                     \\
? 
! Missing } inserted.
<inserted text> 
                }
l.812 \end{algorithm}
                     \\
? 

Underfull \hbox (badness 10000) detected at line 812
[][]
 []

! Missing } inserted.
<inserted text> 
                }
l.812 \end{algorithm}
                     \\
? 

! LaTeX Error: There's no line here to end.

See the LaTeX manual or LaTeX Companion for explanation.
Type  H <return>  for immediate help.
 ...                                              
                                                  
l.813 
      
? 

Underfull \hbox (badness 10000) in paragraph at lines 820--821

 []


Underfull \hbox (badness 10000) in paragraph at lines 825--826

 []

[22]

! LaTeX Error: There's no line here to end.

See the LaTeX manual or LaTeX Companion for explanation.
Type  H <return>  for immediate help.
 ...                                              
                                                  
l.848 
      
? 

Underfull \hbox (badness 10000) in paragraph at lines 855--856

 []


Underfull \hbox (badness 10000) in paragraph at lines 857--858

 []

! Missing $ inserted.
<inserted text> 
                $
l.879 
      
? 
! Missing $ inserted.
<inserted text> 
                $
l.879 
      
? 

! LaTeX Error: There's no line here to end.

See the LaTeX manual or LaTeX Companion for explanation.
Type  H <return>  for immediate help.
 ...                                              
                                                  
l.885 
      
? 

Underfull \hbox (badness 10000) in paragraph at lines 891--892

 []


Underfull \hbox (badness 10000) in paragraph at lines 893--894

 []

[23]
! Missing $ inserted.
<inserted text> 
                $
l.925 
      
? 

! LaTeX Error: Bad math environment delimiter.

See the LaTeX manual or LaTeX Companion for explanation.
Type  H <return>  for immediate help.
 ...                                              
                                                  
l.925 
      
? 
! Missing $ inserted.
<inserted text> 
                $
l.925 
      
? 
! Extra }, or forgotten $.
<recently read> \egroup 
                        
l.925 
      
? 
! Extra }, or forgotten $.
<recently read> \egroup 
                        
l.925 
      
? 
! Missing $ inserted.
<inserted text> 
                $
l.925 
      
? 
! Missing $ inserted.
<inserted text> 
                $
l.925 
      
? 
! Missing $ inserted.
<inserted text> 
                $
l.925 
      
? 
! Missing $ inserted.
<inserted text> 
                $
l.925 
      
? 
! Extra }, or forgotten $.
\algocf@Vsline ...}\vtop {\algocf@addskiptotal #1}
                                                  }}\algocf@pop {\skiprule }...
l.925 
      
? 
! Extra }, or forgotten $.
\algocf@Vsline ...\vtop {\algocf@addskiptotal #1}}
                                                  }\algocf@pop {\skiprule }\...
l.925 
      
? 
! Extra }, or forgotten $.
\algocf@Vsline ...vtop {\algocf@addskiptotal #1}}}
                                                  \algocf@pop {\skiprule }\a...
l.925 
      
? 
! Missing $ inserted.
<inserted text> 
                $
l.925 
      
? 
! Missing $ inserted.
<inserted text> 
                $
l.925 
      
? 
! Extra }, or forgotten $.
<recently read> \egroup 
                        
l.925 
      
? 
! Extra }, or forgotten $.
<recently read> \egroup 
                        
l.925 
      
? 
! Missing $ inserted.
<inserted text> 
                $
l.925 
      
? 
! Missing $ inserted.
<inserted text> 
                $
l.925 
      
? 

! LaTeX Error: Bad math environment delimiter.

See the LaTeX manual or LaTeX Companion for explanation.
Type  H <return>  for immediate help.
 ...                                              
                                                  
l.925 
      
? 
! Missing $ inserted.
<inserted text> 
                $
l.925 
      
? 
! Extra }, or forgotten $.
\algocf@Vsline ...}\vtop {\algocf@addskiptotal #1}
                                                  }}\algocf@pop {\skiprule }...
l.925 
      
? 
! Extra }, or forgotten $.
\algocf@Vsline ...\vtop {\algocf@addskiptotal #1}}
                                                  }\algocf@pop {\skiprule }\...
l.925 
      
? 
! Extra }, or forgotten $.
\algocf@Vsline ...vtop {\algocf@addskiptotal #1}}}
                                                  \algocf@pop {\skiprule }\a...
l.925 
      
? 
! Missing $ inserted.
<inserted text> 
                $
l.925 
      
? 
! Missing $ inserted.
<inserted text> 
                $
l.925 
      
? 
! Extra }, or forgotten $.
<recently read> \egroup 
                        
l.925 
      
? 
! Extra }, or forgotten $.
<recently read> \egroup 
                        
l.925 
      
? 
! Missing $ inserted.
<inserted text> 
                $
l.925 
      
? 
! Missing } inserted.
<inserted text> 
                }
l.930 \end{algorithm}
                     \\
? 
! Missing } inserted.
<inserted text> 
                }
l.930 \end{algorithm}
                     \\
? 
! Missing } inserted.
<inserted text> 
                }
l.930 \end{algorithm}
                     \\
? 
! Missing } inserted.
<inserted text> 
                }
l.930 \end{algorithm}
                     \\
? 
! Missing } inserted.
<inserted text> 
                }
l.930 \end{algorithm}
                     \\
? 
! Missing } inserted.
<inserted text> 
                }
l.930 \end{algorithm}
                     \\
? 
! Missing } inserted.
<inserted text> 
                }
l.930 \end{algorithm}
                     \\
? 
! Missing } inserted.
<inserted text> 
                }
l.930 \end{algorithm}
                     \\
? 
! Missing } inserted.
<inserted text> 
                }
l.930 \end{algorithm}
                     \\
? 
! Missing } inserted.
<inserted text> 
                }
l.930 \end{algorithm}
                     \\
? 
! Missing } inserted.
<inserted text> 
                }
l.930 \end{algorithm}
                     \\
? 

Underfull \hbox (badness 10000) detected at line 930
[][]
 []

! Missing } inserted.
<inserted text> 
                }
l.930 \end{algorithm}
                     \\
? 

! LaTeX Error: There's no line here to end.

See the LaTeX manual or LaTeX Companion for explanation.
Type  H <return>  for immediate help.
 ...                                              
                                                  
l.931 
      
? 

Underfull \hbox (badness 10000) in paragraph at lines 938--939

 []


Underfull \hbox (badness 10000) in paragraph at lines 940--941

 []

! Undefined control sequence.
<argument>  \Try 
                 { Convert \(e\) into a numerical function using the symboli...
l.963 
      
? 
! Undefined control sequence.
<argument> ...) to `EvaluationResults`\; } \Catch 
                                                  {Evaluation fails (e.g., r...
l.963 
      
? 

! LaTeX Error: There's no line here to end.

See the LaTeX manual or LaTeX Companion for explanation.
Type  H <return>  for immediate help.
 ...                                              
                                                  
l.969 
      
? 
[24]
Underfull \hbox (badness 10000) in paragraph at lines 971--972

 []


Underfull \hbox (badness 10000) in paragraph at lines 975--976

 []


Underfull \hbox (badness 10000) in paragraph at lines 985--986

 []


Underfull \hbox (badness 10000) in paragraph at lines 991--992

 []


! LaTeX Error: There's no line here to end.

See the LaTeX manual or LaTeX Companion for explanation.
Type  H <return>  for immediate help.
 ...                                              
                                                  
l.1012 
       
? 
[25]
Underfull \hbox (badness 10000) in paragraph at lines 1021--1022

 []


Underfull \hbox (badness 10000) in paragraph at lines 1025--1026

 []

! Undefined control sequence.
<argument>  \Try 
                 { Look up the dimensional vector for \(v\) in the dictionar...
l.1046 
       
? 
! Undefined control sequence.
<argument> ...a column to matrix \(M\)\; } \Catch 
                                                  {Variable name \(v\) not f...
l.1046 
       
? 
! Undefined control sequence.
l.1048 \Try
           {
? 
! Undefined control sequence.
l.1052 \Catch
             {Variable name \(d\) not found in dictionary}{
? 

! LaTeX Error: There's no line here to end.

See the LaTeX manual or LaTeX Companion for explanation.
Type  H <return>  for immediate help.
 ...                                              
                                                  
l.1061 
       
? 

! LaTeX Error: Unicode character  (U+22C5)
               not set up for use with LaTeX.

See the LaTeX manual or LaTeX Companion for explanation.
Type  H <return>  for immediate help.
 ...                                              
                                                  
l.1070 ...tion solves the system of equations M
                                                  p=bMp=b for the unknown...

? 

! LaTeX Error: Unicode character  (U+22C5)
               not set up for use with LaTeX.

See the LaTeX manual or LaTeX Companion for explanation.
Type  H <return>  for immediate help.
 ...                                              
                                                  
l.1070 ...lves the system of equations Mp=bM
                                                  p=b for the unknown vector...

? 

Underfull \hbox (badness 10000) in paragraph at lines 1070--1071

 []

[26]
! Undefined control sequence.
l.1081 \Try
           {
? 
! Undefined control sequence.
l.1084 \Catch
             {Solving fails (e.g., matrix is singular or system inconsistent)}{

? 

! LaTeX Error: There's no line here to end.

See the LaTeX manual or LaTeX Companion for explanation.
Type  H <return>  for immediate help.
 ...                                              
                                                  
l.1097 
       
? 

! LaTeX Error: Unicode character  (U+200B)
               not set up for use with LaTeX.

See the LaTeX manual or LaTeX Companion for explanation.
Type  H <return>  for immediate help.
 ...                                              
                                                  
l.1105 ...variable in the input data dataxdatax
                                                   to the powers specified b...

? 

! LaTeX Error: Unicode character  (U+200B)
               not set up for use with LaTeX.

See the LaTeX manual or LaTeX Companion for explanation.
Type  H <return>  for immediate help.
 ...                                              
                                                  
l.1105 ...o adjust the target values dataydatay
                                                   to obtain the dimensionle...

? 

Underfull \hbox (badness 10000) in paragraph at lines 1105--1106

 []


Underfull \hbox (badness 10000) in paragraph at lines 1107--1108

 []

! Missing $ inserted.
<inserted text> 
                $
l.1121 Calculate a `scaling_
                            factor` vector by raising each column of \(X\) t...

? 

! LaTeX Error: Bad math environment delimiter.

See the LaTeX manual or LaTeX Companion for explanation.
Type  H <return>  for immediate help.
 ...                                              
                                                  
l.1121 ...tor` vector by raising each column of \(
                                                  X\) to the corresponding p...

? 
! Missing $ inserted.
<inserted text> 
                $
l.1125 ...(Y'\) by dividing \(Y\) by the `scaling_
                                                  factor`\;
? 

! LaTeX Error: Bad math environment delimiter.

See the LaTeX manual or LaTeX Companion for explanation.
Type  H <return>  for immediate help.
 ...                                              
                                                  
l.1126 \(
          Y'_i = Y_i / \text{scaling\_factor}_i \)\;
? 
! Missing $ inserted.
<inserted text> 
                $
l.1138 \Else
            {
? 
! Extra }, or forgotten $.
\algocf@Vsline ...}\vtop {\algocf@addskiptotal #1}
                                                  }}\algocf@pop {\skiprule }...
l.1138 \Else
            {
? 
! Extra }, or forgotten $.
\algocf@Vsline ...\vtop {\algocf@addskiptotal #1}}
                                                  }\algocf@pop {\skiprule }\...
l.1138 \Else
            {
? 
! Extra }, or forgotten $.
\algocf@Vsline ...vtop {\algocf@addskiptotal #1}}}
                                                  \algocf@pop {\skiprule }\a...
l.1138 \Else
            {
? 
! Missing $ inserted.
<inserted text> 
                $
l.1138 \Else
            {
? 
! Missing } inserted.
<inserted text> 
                }
l.1146 \end{algorithm}
                      \\
? 
! Missing } inserted.
<inserted text> 
                }
l.1146 \end{algorithm}
                      \\
? 

Underfull \hbox (badness 10000) detected at line 1146
[][]
 []

! Missing } inserted.
<inserted text> 
                }
l.1146 \end{algorithm}
                      \\
? 

! LaTeX Error: There's no line here to end.

See the LaTeX manual or LaTeX Companion for explanation.
Type  H <return>  for immediate help.
 ...                                              
                                                  
l.1147 
       
? 
[27]
Underfull \hbox (badness 10000) in paragraph at lines 1155--1156

 []


Underfull \hbox (badness 10000) in paragraph at lines 1157--1158

 []


Underfull \hbox (badness 10000) in paragraph at lines 1159--1160

 []


! LaTeX Error: There's no line here to end.

See the LaTeX manual or LaTeX Companion for explanation.
Type  H <return>  for immediate help.
 ...                                              
                                                  
l.1188 
       
? 
[28]
Underfull \hbox (badness 10000) in paragraph at lines 1195--1196

 []


Underfull \hbox (badness 10000) in paragraph at lines 1206--1207

 []

! Missing $ inserted.
<inserted text> 
                $
l.1219 ...tbf{Initialization Method (`__init__`):}
                                                  \;
? 
! Missing { inserted.
<to be read again> 
                   _
l.1219 ...tbf{Initialization Method (`__init__`):}
                                                  \;
? 
! Missing { inserted.
<to be read again> 
                   _
l.1219 ...tbf{Initialization Method (`__init__`):}
                                                  \;
? 
! Incompatible list can't be unboxed.
\KwData ... \hangafter =1\unhbox \algocf@inputbox 
                                                  #1\par }\algocf@linesnumbe...
l.1220 ...output features (`n_output`, default 1)}
                                                  \;
? 
! Missing $ inserted.
<inserted text> 
                $
l.1220 ...output features (`n_output`, default 1)}
                                                  \;
? 
! Missing } inserted.
<inserted text> 
                }
l.1220 ...output features (`n_output`, default 1)}
                                                  \;
? 
! Missing } inserted.
<inserted text> 
                }
l.1220 ...output features (`n_output`, default 1)}
                                                  \;
? 
! Undefined control sequence.
\algocf@everypar ...parnl \algocf@everyparhanging 
                                                  
l.1220 ...tput features (`n_output`, default 1)}\;
                                                  
? 
! Undefined control sequence.
\algocf@everypar ...parnl \algocf@everyparhanging 
                                                  
l.1221 C
        all the constructor of the base Neural Network Module\;
? 
! Undefined control sequence.
\algocf@everypar ...parnl \algocf@everyparhanging 
                                                  
l.1222 D
        efine a sequential model containing the following layers:\;
? 
! Undefined control sequence.
\algocf@everypar ...parnl \algocf@everyparhanging 
                                                  
l.1224 L
        inear layer: `n_input` inputs, 128 outputs\;
? 
! Missing $ inserted.
<inserted text> 
                $
l.1224 Linear layer: `n_
                        input` inputs, 128 outputs\;
? 
! Missing $ inserted.
<inserted text> 
                $
l.1234 
       
? 
! Undefined control sequence.
\algocf@everypar ...parnl \algocf@everyparhanging 
                                                  
l.1235 \textbf{Forward Method (`forward`):}
                                           \;
? 

! LaTeX Error: Command \algocf@everyparhanging undefined.

See the LaTeX manual or LaTeX Companion for explanation.
Type  H <return>  for immediate help.
 ...                                              
                                                  
l.1236 \KwData{Input tensor `x`}
                                \;
? 
! Undefined control sequence.
\algocf@everypar ...parnl \algocf@everyparhanging 
                                                  
l.1236 \KwData{Input tensor `x`}\;
                                  
? 

! LaTeX Error: Command \algocf@everyparhanging undefined.

See the LaTeX manual or LaTeX Companion for explanation.
Type  H <return>  for immediate help.
 ...                                              
                                                  
l.1237 \KwResult{Output tensor}
                               \;
? 
! Undefined control sequence.
\algocf@everypar ...parnl \algocf@everyparhanging 
                                                  
l.1237 \KwResult{Output tensor}\;
                                 
? 
! Undefined control sequence.
\algocf@everypar ...parnl \algocf@everyparhanging 
                                                  
l.1238 P
        ass the input tensor `x` through the defined sequential model\;
? 
! Undefined control sequence.
\algocf@everypar ...parnl \algocf@everyparhanging 
                                                  
l.1239 R
        eturn the output tensor\;
? 

! LaTeX Error: There's no line here to end.

See the LaTeX manual or LaTeX Companion for explanation.
Type  H <return>  for immediate help.
 ...                                              
                                                  
l.1242 
       
? 
[29]
Underfull \hbox (badness 10000) in paragraph at lines 1251--1252

 []


! LaTeX Error: There's no line here to end.

See the LaTeX manual or LaTeX Companion for explanation.
Type  H <return>  for immediate help.
 ...                                              
                                                  
l.1281 
       
? 

Underfull \hbox (badness 10000) in paragraph at lines 1288--1289

 []

[30]

! LaTeX Error: There's no line here to end.

See the LaTeX manual or LaTeX Companion for explanation.
Type  H <return>  for immediate help.
 ...                                              
                                                  
l.1336 
       
? 
[31]
Underfull \hbox (badness 10000) in paragraph at lines 1345--1346

 []


! LaTeX Error: There's no line here to end.

See the LaTeX manual or LaTeX Companion for explanation.
Type  H <return>  for immediate help.
 ...                                              
                                                  
l.1368 
       
? 
[32]
Underfull \hbox (badness 10000) in paragraph at lines 1377--1378

 []


Underfull \hbox (badness 10000) in paragraph at lines 1384--1385

 []

! Missing $ inserted.
<inserted text> 
                $
l.1395 ...tbf{Initialization Method (`__init__`):}
                                                  \;
? 
! Missing { inserted.
<to be read again> 
                   _
l.1395 ...tbf{Initialization Method (`__init__`):}
                                                  \;
? 
! Missing { inserted.
<to be read again> 
                   _
l.1395 ...tbf{Initialization Method (`__init__`):}
                                                  \;
? 
! Incompatible list can't be unboxed.
\KwData ... \hangafter =1\unhbox \algocf@inputbox 
                                                  #1\par }\algocf@linesnumbe...
l.1396 ...ue, Accuracy value, Symbolic expression}
                                                  \;
? 
! Missing $ inserted.
<inserted text> 
                $
l.1396 ...ue, Accuracy value, Symbolic expression}
                                                  \;
? 
! Missing } inserted.
<inserted text> 
                }
l.1396 ...ue, Accuracy value, Symbolic expression}
                                                  \;
? 
! Missing } inserted.
<inserted text> 
                }
l.1396 ...ue, Accuracy value, Symbolic expression}
                                                  \;
? 
! Undefined control sequence.
\algocf@everypar ...parnl \algocf@everyparhanging 
                                                  
l.1396 ..., Accuracy value, Symbolic expression}\;
                                                  
? 
! Undefined control sequence.
\algocf@everypar ...parnl \algocf@everyparhanging 
                                                  
l.1397 S
        tore the input complexity, accuracy, and expression as attributes of...

? 
! Undefined control sequence.
\algocf@everypar ...parnl \algocf@everyparhanging 
                                                  
l.1399 ...tbf{Representation Method (`__repr__`):}
                                                  \;
? 
! Missing $ inserted.
<inserted text> 
                $
l.1399 ...tbf{Representation Method (`__repr__`):}
                                                  \;
? 
! Missing { inserted.
<to be read again> 
                   _
l.1399 ...tbf{Representation Method (`__repr__`):}
                                                  \;
? 
! Missing { inserted.
<to be read again> 
                   _
l.1399 ...tbf{Representation Method (`__repr__`):}
                                                  \;
? 

! LaTeX Error: Command \algocf@everyparhanging undefined.

See the LaTeX manual or LaTeX Companion for explanation.
Type  H <return>  for immediate help.
 ...                                              
                                                  
l.1400 ...ring representation of the Point object}
                                                  \;
? 
! Incompatible list can't be unboxed.
\KwResult ...hangafter =1\unhbox \algocf@inputbox 
                                                  #1\par }\algocf@linesnumbe...
l.1400 ...ring representation of the Point object}
                                                  \;
? 
! Missing $ inserted.
<inserted text> 
                $
l.1400 ...ring representation of the Point object}
                                                  \;
? 
! Missing } inserted.
<inserted text> 
                }
l.1400 ...ring representation of the Point object}
                                                  \;
? 
! Missing } inserted.
<inserted text> 
                }
l.1400 ...ring representation of the Point object}
                                                  \;
? 
! Undefined control sequence.
\algocf@everypar ...parnl \algocf@everyparhanging 
                                                  
l.1400 ...ng representation of the Point object}\;
                                                  
? 
! Undefined control sequence.
\algocf@everypar ...parnl \algocf@everyparhanging 
                                                  
l.1401 C
        onstruct a descriptive string including the complexity, accuracy, an...

? 
! Undefined control sequence.
\algocf@everypar ...parnl \algocf@everyparhanging 
                                                  
l.1402 R
        eturn the constructed string\;
? 

! LaTeX Error: There's no line here to end.

See the LaTeX manual or LaTeX Companion for explanation.
Type  H <return>  for immediate help.
 ...                                              
                                                  
l.1405 
       
? 
[33]
Underfull \hbox (badness 10000) in paragraph at lines 1411--1412

 []

! Missing $ inserted.
<inserted text> 
                $
l.1441 
       
? 
! Missing $ inserted.
<inserted text> 
                $
l.1441 
       
? 
! Missing $ inserted.
<inserted text> 
                $
l.1441 
       
? 
! Extra }, or forgotten $.
\algocf@Vsline ...}\vtop {\algocf@addskiptotal #1}
                                                  }}\algocf@pop {\skiprule }...
l.1441 
       
? 
! Extra }, or forgotten $.
\algocf@Vsline ...\vtop {\algocf@addskiptotal #1}}
                                                  }\algocf@pop {\skiprule }\...
l.1441 
       
? 
! Extra }, or forgotten $.
\algocf@Vsline ...vtop {\algocf@addskiptotal #1}}}
                                                  \algocf@pop {\skiprule }\a...
l.1441 
       
? 
! Missing $ inserted.
<inserted text> 
                $
l.1441 
       
? 
! Missing $ inserted.
<inserted text> 
                $
l.1441 
       
? 
! Extra }, or forgotten $.
<recently read> \egroup 
                        
l.1441 
       
? 
! Extra }, or forgotten $.
<recently read> \egroup 
                        
l.1441 
       
? 
! Missing $ inserted.
<inserted text> 
                $
l.1441 
       
? 
! Missing } inserted.
<inserted text> 
                }
l.1457 \end{algorithm}
                      \\
? 
! Missing } inserted.
<inserted text> 
                }
l.1457 \end{algorithm}
                      \\
? 
! Missing } inserted.
<inserted text> 
                }
l.1457 \end{algorithm}
                      \\
? 
! Missing } inserted.
<inserted text> 
                }
l.1457 \end{algorithm}
                      \\
? 

Underfull \hbox (badness 10000) detected at line 1457
[][]
 []

! Missing } inserted.
<inserted text> 
                }
l.1457 \end{algorithm}
                      \\
? 

! LaTeX Error: There's no line here to end.

See the LaTeX manual or LaTeX Companion for explanation.
Type  H <return>  for immediate help.
 ...                                              
                                                  
l.1458 
       
? 
[34]
Underfull \hbox (badness 10000) in paragraph at lines 1464--1465

 []


Underfull \hbox (badness 10000) in paragraph at lines 1474--1475

 []

[35]

! LaTeX Error: There's no line here to end.

See the LaTeX manual or LaTeX Companion for explanation.
Type  H <return>  for immediate help.
 ...                                              
                                                  
l.1502 
       
? 

Underfull \hbox (badness 10000) in paragraph at lines 1521--1522

 []

[36]

pdfTeX warning: pdflatex (file ./SR_Flow.pdf): PDF inclusion: found PDF version
 <1.7>, but at most version <1.5> allowed
<SR_Flow.pdf, id=443, 273.72264pt x 444.4605pt>
File: SR_Flow.pdf Graphic file (type pdf)
<use SR_Flow.pdf>
Package pdftex.def Info: SR_Flow.pdf  used on input line 1526.
(pdftex.def)             Requested size: 199.16928pt x 323.40227pt.

! LaTeX Error: There's no line here to end.

See the LaTeX manual or LaTeX Companion for explanation.
Type  H <return>  for immediate help.
 ...                                              
                                                  
l.1530 
       
? 

Underfull \hbox (badness 10000) in paragraph at lines 1533--1537

 []


Underfull \hbox (badness 10000) in paragraph at lines 1540--1541

 []

[37 <./SR_Flow.pdf>]
Underfull \hbox (badness 10000) in paragraph at lines 1544--1545

 []


LaTeX Warning: No positions in optional float specifier.
               Default added (so using `tbp') on input line 1552.


! LaTeX Error: There's no line here to end.

See the LaTeX manual or LaTeX Companion for explanation.
Type  H <return>  for immediate help.
 ...                                              
                                                  
l.1566 
       
? 

Underfull \hbox (badness 10000) in paragraph at lines 1572--1573

 []


Underfull \hbox (badness 10000) in paragraph at lines 1574--1575

 []


Underfull \hbox (badness 10000) in paragraph at lines 1579--1580

 []


Underfull \hbox (badness 10000) in paragraph at lines 1581--1582

 []

[38]
Underfull \hbox (badness 10000) in paragraph at lines 1588--1589

 []


Underfull \hbox (badness 10000) in paragraph at lines 1590--1593

 []


Underfull \hbox (badness 10000) in paragraph at lines 1594--1595

 []


Underfull \hbox (badness 10000) in paragraph at lines 1596--1597

 []


Underfull \hbox (badness 10000) in paragraph at lines 1598--1599

 []


Underfull \hbox (badness 10000) in paragraph at lines 1600--1601

 []

[39] (./FinalReport.bbl [40])
Underfull \hbox (badness 10000) in paragraph at lines 1620--1621

 []


Underfull \hbox (badness 10000) in paragraph at lines 1670--1671

 []

[41]
<Gantt_Chart.png, id=482, 1538.74875pt x 774.895pt>
File: Gantt_Chart.png Graphic file (type png)
<use Gantt_Chart.png>
Package pdftex.def Info: Gantt_Chart.png  used on input line 1673.
(pdftex.def)             Requested size: 426.79134pt x 214.92358pt.

Underfull \hbox (badness 10000) in paragraph at lines 1675--1676

 []

<Gantt_v3.png, id=483, 1804.7425pt x 860.21375pt>
File: Gantt_v3.png Graphic file (type png)
<use Gantt_v3.png>
Package pdftex.def Info: Gantt_v3.png  used on input line 1678.
(pdftex.def)             Requested size: 426.79134pt x 203.42345pt.

Underfull \hbox (badness 10000) in paragraph at lines 1682--1683

 []

[42 <./Gantt_Chart.png> <./Gantt_v3.png>]
<double_pendulum_static.png, id=487, 602.25pt x 602.25pt>
File: double_pendulum_static.png Graphic file (type png)
<use double_pendulum_static.png>
Package pdftex.def Info: double_pendulum_static.png  used on input line 1692.
(pdftex.def)             Requested size: 199.60895pt x 199.60693pt.
<double_pendulum_path.png, id=488, 702.625pt x 702.625pt>
File: double_pendulum_path.png Graphic file (type png)
<use double_pendulum_path.png>
Package pdftex.def Info: double_pendulum_path.png  used on input line 1698.
(pdftex.def)             Requested size: 199.60895pt x 199.60693pt.


! LaTeX Error: There's no line here to end.

See the LaTeX manual or LaTeX Companion for explanation.
Type  H <return>  for immediate help.
 ...                                              
                                                  
l.1704 
       
? 

Underfull \hbox (badness 10000) in paragraph at lines 1709--1710

 []


Underfull \hbox (badness 10000) in paragraph at lines 1711--1712

 []


Underfull \hbox (badness 10000) in paragraph at lines 1713--1714

 []


Underfull \hbox (badness 10000) in paragraph at lines 1718--1719

 []

[43 <./double_pendulum_static.png> <./double_pendulum_path.png>]
Underfull \hbox (badness 10000) in paragraph at lines 1720--1721

 []


Underfull \hbox (badness 10000) in paragraph at lines 1723--1724

 []


Underfull \hbox (badness 10000) in paragraph at lines 1725--1726

 []

! Misplaced alignment tab character &.
l.1734 ... functions , Crabbe et al. 2020), Alaa &
                                                   van der Schaar 2019
? 
! Misplaced alignment tab character &.
l.1735 ...en noted (see discussion in Abdellaoui &
                                                   Mehrkanoon, 2021, citing ...

? 
[44] (./FinalReport.aux)

LaTeX Warning: There were undefined references.


LaTeX Warning: There were multiply-defined labels.

 ) 
Here is how much of TeX's memory you used:
 17322 strings out of 476091
 358022 string characters out of 5794081
 1867330 words of memory out of 5000000
 37391 multiletter control sequences out of 15000+600000
 533892 words of font info for 73 fonts, out of 8000000 for 9000
 1141 hyphenation exceptions out of 8191
 99i,23n,94p,1605b,678s stack positions out of 10000i,1000n,20000p,200000b,200000s
{/usr/share/texlive/texmf-dist/fonts/enc/dvips/base/8r.enc}</usr/share/texliv
e/texmf-dist/fonts/type1/public/amsfonts/cm/cmbsy10.pfb></usr/share/texlive/tex
mf-dist/fonts/type1/public/amsfonts/cm/cmbx10.pfb></usr/share/texlive/texmf-dis
t/fonts/type1/public/amsfonts/cm/cmbx7.pfb></usr/share/texlive/texmf-dist/fonts
/type1/public/amsfonts/cm/cmex10.pfb></usr/share/texlive/texmf-dist/fonts/type1
/public/amsfonts/cm/cmmi10.pfb></usr/share/texlive/texmf-dist/fonts/type1/publi
c/amsfonts/cm/cmmi5.pfb></usr/share/texlive/texmf-dist/fonts/type1/public/amsfo
nts/cm/cmmi7.pfb></usr/share/texlive/texmf-dist/fonts/type1/public/amsfonts/cm/
cmmib10.pfb></usr/share/texlive/texmf-dist/fonts/type1/public/amsfonts/cm/cmr10
.pfb></usr/share/texlive/texmf-dist/fonts/type1/public/amsfonts/cm/cmr5.pfb></u
sr/share/texlive/texmf-dist/fonts/type1/public/amsfonts/cm/cmr7.pfb></usr/share
/texlive/texmf-dist/fonts/type1/public/amsfonts/cm/cmsy10.pfb></usr/share/texli
ve/texmf-dist/fonts/type1/public/amsfonts/cm/cmsy7.pfb></usr/share/texlive/texm
f-dist/fonts/type1/urw/times/utmb8a.pfb></usr/share/texlive/texmf-dist/fonts/ty
pe1/urw/times/utmbi8a.pfb></usr/share/texlive/texmf-dist/fonts/type1/urw/times/
utmr8a.pfb></usr/share/texlive/texmf-dist/fonts/type1/urw/times/utmri8a.pfb>
Output written on FinalReport.pdf (44 pages, 1088138 bytes).
PDF statistics:
 572 PDF objects out of 1000 (max. 8388607)
 384 compressed objects within 4 object streams
 0 named destinations out of 1000 (max. 500000)
 153 words of extra memory for PDF output out of 10000 (max. 10000000)

